<?xml version="1.0" encoding="UTF-8"?>
<Site BuildName="(empty)"
	BuildStamp="20250925-1042-Experimental"
	Name="(empty)"
	Generator="ctest-4.1.1"
	CompilerName=""
	CompilerVersion=""
	OSName="macOS"
	Hostname="MacBook-Pro-5.local"
	OSRelease="15.6.1"
	OSVersion="24G90"
	OSPlatform="arm64"
	Is64Bits="1"
	VendorString="Apple"
	VendorID="Apple"
	FamilyID="0"
	ModelID="0"
	ModelName="Apple M4 Pro"
	ProcessorCacheSize="131072"
	NumberOfLogicalCPU="12"
	NumberOfPhysicalCPU="12"
	TotalVirtualMemory="0"
	TotalPhysicalMemory="24576"
	LogicalProcessorsPerPhysical="12"
	ProcessorClockFrequency="0"
	>
	<Testing>
		<StartDateTime>Sep 25 13:42 MSK</StartDateTime>
		<StartTestTime>1758796977</StartTestTime>
		<TestList/>
		<EndDateTime>Sep 25 13:42 MSK</EndDateTime>
		<EndTestTime>1758796977</EndTestTime>
		<ElapsedMinutes>0</ElapsedMinutes>
	</Testing>
</Site>
